TN:
SF:src/models/FileManager.ts
FN:21,(anonymous_1)
FN:33,(anonymous_2)
FN:45,(anonymous_3)
FN:59,(anonymous_4)
FN:70,(anonymous_5)
FNF:5
FNH:5
FNDA:1,(anonymous_1)
FNDA:1,(anonymous_2)
FNDA:1,(anonymous_3)
FNDA:1,(anonymous_4)
FNDA:2,(anonymous_5)
DA:1,1
DA:11,1
DA:12,1
DA:22,1
DA:23,1
DA:24,0
DA:34,1
DA:35,1
DA:37,1
DA:46,1
DA:47,1
DA:49,0
DA:60,1
DA:61,1
DA:62,0
DA:64,1
DA:66,1
DA:67,0
DA:69,1
DA:70,1
DA:71,2
DA:73,1
DA:74,1
DA:76,1
DA:77,1
DA:79,0
DA:80,0
DA:82,0
DA:83,0
DA:85,0
DA:86,0
DA:90,1
LF:32
LH:22
BRDA:23,0,0,0
BRDA:23,0,1,1
BRDA:34,1,0,1
BRDA:34,1,1,0
BRDA:46,2,0,1
BRDA:46,2,1,0
BRDA:61,3,0,0
BRDA:61,3,1,1
BRDA:66,4,0,0
BRDA:66,4,1,1
BRDA:72,5,0,1
BRDA:72,5,1,1
BRDA:72,5,2,0
BRDA:72,5,3,0
BRDA:72,5,4,0
BRF:15
BRH:7
end_of_record
